work_android_network/TestBlePlayer/app/build/intermediates/manifest_merge_blame_file/debug/manifest-merger-blame-debug-report.txt
1<?xml version="1.0" encoding="utf-8"?>
2<manifest xmlns:android="http://schemas.android.com/apk/res/android"
3    package="com.lg.conn.testbleplayer"
4    android:versionCode="1"
5    android:versionName="1.0" >
6
7    <uses-sdk
8        android:minSdkVersion="24"
8-->src\main\AndroidManifest.xml
9        android:targetSdkVersion="30" />
9-->src\main\AndroidManifest.xml
10
11    <uses-permission android:name="android.permission.BLUETOOTH" />
11-->src\main\AndroidManifest.xml:8:5-68
11-->src\main\AndroidManifest.xml:8:22-65
12    <uses-permission android:name="android.permission.BLUETOOTH_ADMIN" />
12-->src\main\AndroidManifest.xml:9:5-74
12-->src\main\AndroidManifest.xml:9:22-71
13    <uses-permission android:name="android.permission.ACCESS_FINE_LOCATION" />
13-->src\main\AndroidManifest.xml:10:5-79
13-->src\main\AndroidManifest.xml:10:22-76
14    <uses-permission android:name="android.permission.ACCESS_BACKGROUND_LOCATION" />
14-->src\main\AndroidManifest.xml:12:5-84
14-->src\main\AndroidManifest.xml:12:22-82
15
16    <uses-feature
16-->src\main\AndroidManifest.xml:14:5-16:35
17        android:name="android.hardware.bluetooth_le"
17-->src\main\AndroidManifest.xml:15:9-53
18        android:required="true" />
18-->src\main\AndroidManifest.xml:16:9-32
19
20    <application
20-->src\main\AndroidManifest.xml:18:5-33:19
21        android:allowBackup="true"
21-->src\main\AndroidManifest.xml:19:9-35
22        android:appComponentFactory="androidx.core.app.CoreComponentFactory"
22-->[androidx.core:core:1.5.0] AndroidManifest.xml:24:18-86
23        android:debuggable="true"
24        android:extractNativeLibs="false"
25        android:icon="@drawable/ic_launcher"
25-->src\main\AndroidManifest.xml:20:9-45
26        android:label="@string/app_name"
26-->src\main\AndroidManifest.xml:21:9-41
27        android:testOnly="true"
28        android:theme="@style/AppTheme" >
28-->src\main\AndroidManifest.xml:22:9-40
29        <activity
29-->src\main\AndroidManifest.xml:23:9-31:20
30            android:name="com.lg.conn.testbleplayer.MainActivity"
30-->src\main\AndroidManifest.xml:24:13-41
31            android:label="@string/app_name" >
31-->src\main\AndroidManifest.xml:25:13-45
32            <intent-filter>
32-->src\main\AndroidManifest.xml:26:13-30:29
33                <action android:name="android.intent.action.MAIN" />
33-->src\main\AndroidManifest.xml:27:17-69
33-->src\main\AndroidManifest.xml:27:25-66
34
35                <category android:name="android.intent.category.LAUNCHER" />
35-->src\main\AndroidManifest.xml:29:17-77
35-->src\main\AndroidManifest.xml:29:27-74
36            </intent-filter>
37        </activity>
38
39        <service android:name="com.lg.conn.testbleplayer.MyPlayService" />
39-->src\main\AndroidManifest.xml:32:9-83
39-->src\main\AndroidManifest.xml:32:18-72
40    </application>
41
42</manifest>